<?xml version="1.0" encoding="UTF-8"?>
<testsuite name="com.kevinjanvier.docker.dockerkubernet.DockerkubernetApplicationTests" tests="1" skipped="0" failures="0" errors="0" timestamp="2020-01-27T09:56:09" hostname="Ns-MacBook-Pro.acerat.net" time="0.472">
  <properties/>
  <testcase name="contextLoads()" classname="com.kevinjanvier.docker.dockerkubernet.DockerkubernetApplicationTests" time="0.472"/>
  <system-out><![CDATA[12:56:06.980 [Test worker] DEBUG org.springframework.test.context.BootstrapUtils - Instantiating CacheAwareContextLoaderDelegate from class [org.springframework.test.context.cache.DefaultCacheAwareContextLoaderDelegate]
12:56:06.992 [Test worker] DEBUG org.springframework.test.context.BootstrapUtils - Instantiating BootstrapContext using constructor [public org.springframework.test.context.support.DefaultBootstrapContext(java.lang.Class,org.springframework.test.context.CacheAwareContextLoaderDelegate)]
12:56:07.022 [Test worker] DEBUG org.springframework.test.context.BootstrapUtils - Instantiating TestContextBootstrapper for test class [com.kevinjanvier.docker.dockerkubernet.DockerkubernetApplicationTests] from class [org.springframework.boot.test.context.SpringBootTestContextBootstrapper]
12:56:07.039 [Test worker] INFO org.springframework.boot.test.context.SpringBootTestContextBootstrapper - Neither @ContextConfiguration nor @ContextHierarchy found for test class [com.kevinjanvier.docker.dockerkubernet.DockerkubernetApplicationTests], using SpringBootContextLoader
12:56:07.042 [Test worker] DEBUG org.springframework.test.context.support.AbstractContextLoader - Did not detect default resource location for test class [com.kevinjanvier.docker.dockerkubernet.DockerkubernetApplicationTests]: class path resource [com/kevinjanvier/docker/dockerkubernet/DockerkubernetApplicationTests-context.xml] does not exist
12:56:07.043 [Test worker] DEBUG org.springframework.test.context.support.AbstractContextLoader - Did not detect default resource location for test class [com.kevinjanvier.docker.dockerkubernet.DockerkubernetApplicationTests]: class path resource [com/kevinjanvier/docker/dockerkubernet/DockerkubernetApplicationTestsContext.groovy] does not exist
12:56:07.044 [Test worker] INFO org.springframework.test.context.support.AbstractContextLoader - Could not detect default resource locations for test class [com.kevinjanvier.docker.dockerkubernet.DockerkubernetApplicationTests]: no resource found for suffixes {-context.xml, Context.groovy}.
12:56:07.045 [Test worker] INFO org.springframework.test.context.support.AnnotationConfigContextLoaderUtils - Could not detect default configuration classes for test class [com.kevinjanvier.docker.dockerkubernet.DockerkubernetApplicationTests]: DockerkubernetApplicationTests does not declare any static, non-private, non-final, nested classes annotated with @Configuration.
12:56:07.086 [Test worker] DEBUG org.springframework.test.context.support.ActiveProfilesUtils - Could not find an 'annotation declaring class' for annotation type [org.springframework.test.context.ActiveProfiles] and class [com.kevinjanvier.docker.dockerkubernet.DockerkubernetApplicationTests]
12:56:07.140 [Test worker] DEBUG org.springframework.context.annotation.ClassPathScanningCandidateComponentProvider - Identified candidate component class: file [/Users/kevinjanvier/Documents/projects/training/dockerkubernet/build/classes/java/main/com/kevinjanvier/docker/dockerkubernet/DockerkubernetApplication.class]
12:56:07.141 [Test worker] INFO org.springframework.boot.test.context.SpringBootTestContextBootstrapper - Found @SpringBootConfiguration com.kevinjanvier.docker.dockerkubernet.DockerkubernetApplication for test class com.kevinjanvier.docker.dockerkubernet.DockerkubernetApplicationTests
12:56:07.218 [Test worker] DEBUG org.springframework.boot.test.context.SpringBootTestContextBootstrapper - @TestExecutionListeners is not present for class [com.kevinjanvier.docker.dockerkubernet.DockerkubernetApplicationTests]: using defaults.
12:56:07.219 [Test worker] INFO org.springframework.boot.test.context.SpringBootTestContextBootstrapper - Loaded default TestExecutionListener class names from location [META-INF/spring.factories]: [org.springframework.boot.test.autoconfigure.restdocs.RestDocsTestExecutionListener, org.springframework.boot.test.autoconfigure.web.client.MockRestServiceServerResetTestExecutionListener, org.springframework.boot.test.autoconfigure.web.servlet.MockMvcPrintOnlyOnFailureTestExecutionListener, org.springframework.boot.test.autoconfigure.web.servlet.WebDriverTestExecutionListener, org.springframework.boot.test.mock.mockito.MockitoTestExecutionListener, org.springframework.boot.test.mock.mockito.ResetMocksTestExecutionListener, org.springframework.test.context.web.ServletTestExecutionListener, org.springframework.test.context.support.DirtiesContextBeforeModesTestExecutionListener, org.springframework.test.context.support.DependencyInjectionTestExecutionListener, org.springframework.test.context.support.DirtiesContextTestExecutionListener, org.springframework.test.context.transaction.TransactionalTestExecutionListener, org.springframework.test.context.jdbc.SqlScriptsTestExecutionListener, org.springframework.test.context.event.EventPublishingTestExecutionListener]
12:56:07.233 [Test worker] DEBUG org.springframework.boot.test.context.SpringBootTestContextBootstrapper - Skipping candidate TestExecutionListener [org.springframework.test.context.transaction.TransactionalTestExecutionListener] due to a missing dependency. Specify custom listener classes or make the default listener classes and their required dependencies available. Offending class: [org/springframework/transaction/interceptor/TransactionAttributeSource]
12:56:07.234 [Test worker] DEBUG org.springframework.boot.test.context.SpringBootTestContextBootstrapper - Skipping candidate TestExecutionListener [org.springframework.test.context.jdbc.SqlScriptsTestExecutionListener] due to a missing dependency. Specify custom listener classes or make the default listener classes and their required dependencies available. Offending class: [org/springframework/transaction/interceptor/TransactionAttribute]
12:56:07.234 [Test worker] INFO org.springframework.boot.test.context.SpringBootTestContextBootstrapper - Using TestExecutionListeners: [org.springframework.test.context.web.ServletTestExecutionListener@26449199, org.springframework.test.context.support.DirtiesContextBeforeModesTestExecutionListener@4eeb64f4, org.springframework.boot.test.mock.mockito.MockitoTestExecutionListener@59f1ebdd, org.springframework.boot.test.autoconfigure.SpringBootDependencyInjectionTestExecutionListener@32b08e16, org.springframework.test.context.support.DirtiesContextTestExecutionListener@307a1980, org.springframework.test.context.event.EventPublishingTestExecutionListener@252317bf, org.springframework.boot.test.autoconfigure.restdocs.RestDocsTestExecutionListener@73daafc5, org.springframework.boot.test.autoconfigure.web.client.MockRestServiceServerResetTestExecutionListener@45ac4f96, org.springframework.boot.test.autoconfigure.web.servlet.MockMvcPrintOnlyOnFailureTestExecutionListener@25fae8ba, org.springframework.boot.test.autoconfigure.web.servlet.WebDriverTestExecutionListener@18d98d55, org.springframework.boot.test.mock.mockito.ResetMocksTestExecutionListener@3e5bad0c]
12:56:07.237 [Test worker] DEBUG org.springframework.test.context.support.AbstractDirtiesContextTestExecutionListener - Before test class: context [DefaultTestContext@398dc34 testClass = DockerkubernetApplicationTests, testInstance = [null], testMethod = [null], testException = [null], mergedContextConfiguration = [WebMergedContextConfiguration@36401c83 testClass = DockerkubernetApplicationTests, locations = '{}', classes = '{class com.kevinjanvier.docker.dockerkubernet.DockerkubernetApplication}', contextInitializerClasses = '[]', activeProfiles = '{}', propertySourceLocations = '{}', propertySourceProperties = '{org.springframework.boot.test.context.SpringBootTestContextBootstrapper=true}', contextCustomizers = set[org.springframework.boot.test.autoconfigure.properties.PropertyMappingContextCustomizer@0, org.springframework.boot.test.autoconfigure.web.servlet.WebDriverContextCustomizerFactory$Customizer@512dc317, org.springframework.boot.test.context.filter.ExcludeFilterContextCustomizer@7c497c27, org.springframework.boot.test.json.DuplicateJsonObjectContextCustomizerFactory$DuplicateJsonObjectContextCustomizer@4dc18b49, org.springframework.boot.test.mock.mockito.MockitoContextCustomizer@0, org.springframework.boot.test.web.client.TestRestTemplateContextCustomizer@a94076f], resourceBasePath = 'src/main/webapp', contextLoader = 'org.springframework.boot.test.context.SpringBootContextLoader', parent = [null]], attributes = map['org.springframework.test.context.web.ServletTestExecutionListener.activateListener' -> true]], class annotated with @DirtiesContext [false] with mode [null].
12:56:07.262 [Test worker] DEBUG org.springframework.test.context.support.TestPropertySourceUtils - Adding inlined properties to environment: {spring.jmx.enabled=false, org.springframework.boot.test.context.SpringBootTestContextBootstrapper=true, server.port=-1}

  .   ____          _            __ _ _
 /\\ / ___'_ __ _ _(_)_ __  __ _ \ \ \ \
( ( )\___ | '_ | '_| | '_ \/ _` | \ \ \ \
 \\/  ___)| |_)| | | | | || (_| |  ) ) ) )
  '  |____| .__|_| |_|_| |_\__, | / / / /
 =========|_|==============|___/=/_/_/_/
 :: Spring Boot ::        (v2.2.4.RELEASE)

2020-01-27 12:56:07.869  INFO 7699 --- [    Test worker] c.k.d.d.DockerkubernetApplicationTests   : Starting DockerkubernetApplicationTests on Ns-MacBook-Pro.acerat.net with PID 7699 (started by kevinjanvier in /Users/kevinjanvier/Documents/projects/training/dockerkubernet)
2020-01-27 12:56:07.872  INFO 7699 --- [    Test worker] c.k.d.d.DockerkubernetApplicationTests   : No active profile set, falling back to default profiles: default
2020-01-27 12:56:08.964  INFO 7699 --- [    Test worker] o.s.s.concurrent.ThreadPoolTaskExecutor  : Initializing ExecutorService 'applicationTaskExecutor'
2020-01-27 12:56:09.153  INFO 7699 --- [    Test worker] c.k.d.d.DockerkubernetApplicationTests   : Started DockerkubernetApplicationTests in 1.872 seconds (JVM running for 2.862)
]]></system-out>
  <system-err><![CDATA[]]></system-err>
</testsuite>
